<?xml version="1.0" encoding="UTF-8"?>
<testng-results ignored="0" total="1" passed="1" failed="0" skipped="0">
  <reporter-output>
  </reporter-output>
  <suite started-at="2021-03-11T15:13:10 IST" name="Default suite" finished-at="2021-03-11T15:13:10 IST" duration-ms="34">
    <groups>
    </groups>
    <test started-at="2021-03-11T15:13:10 IST" name="Default test" finished-at="2021-03-11T15:13:10 IST" duration-ms="34">
      <class name="com.jenkins_demo.selenium.SelDemo">
        <test-method signature="printSel()[pri:0, instance:com.jenkins_demo.selenium.SelDemo@2f8dad04]" started-at="2021-03-11T15:13:10 IST" name="printSel" finished-at="2021-03-11T15:13:10 IST" duration-ms="7" status="PASS">
          <reporter-output>
          </reporter-output>
        </test-method> <!-- printSel -->
      </class> <!-- com.jenkins_demo.selenium.SelDemo -->
    </test> <!-- Default test -->
  </suite> <!-- Default suite -->
</testng-results>
